<?xml version="1.0" encoding="UTF-8"?>
<testng-results>
  <reporter-output>
  </reporter-output>
  <suite name="My Sample Suite" duration-ms="114" started-at="2014-02-03T21:30:02Z" finished-at="2014-02-03T21:30:02Z">
    <groups>
    </groups>
    <test name="Learning Assertions" duration-ms="31" started-at="2014-02-03T21:30:02Z" finished-at="2014-02-03T21:30:02Z">
      <class name="tests.UsingAssertions">
        <test-method status="PASS" signature="testGoogleSearch()" name="testGoogleSearch" duration-ms="15" started-at="2014-02-03T21:30:02Z" finished-at="2014-02-03T21:30:02Z">
        </test-method>
      </class>
    </test>
    <test name="Application Login" duration-ms="7" started-at="2014-02-03T21:30:02Z" finished-at="2014-02-03T21:30:02Z">
      <class name="tests.LoginTest">
        <test-method status="PASS" signature="openConnection()" name="openConnection" is-config="true" duration-ms="1" started-at="2014-02-03T21:30:02Z" finished-at="2014-02-03T21:30:02Z">
        </test-method>
        <test-method status="PASS" signature="testLogin()" name="testLogin" duration-ms="1" started-at="2014-02-03T21:30:02Z" finished-at="2014-02-03T21:30:02Z">
        </test-method>
        <test-method status="PASS" signature="openBrowser()" name="openBrowser" is-config="true" duration-ms="0" started-at="2014-02-03T21:30:02Z" finished-at="2014-02-03T21:30:02Z">
        </test-method>
        <test-method status="PASS" signature="closeBrowser()" name="closeBrowser" is-config="true" duration-ms="0" started-at="2014-02-03T21:30:02Z" finished-at="2014-02-03T21:30:02Z">
        </test-method>
        <test-method status="PASS" signature="openBrowser()" name="openBrowser" is-config="true" duration-ms="1" started-at="2014-02-03T21:30:02Z" finished-at="2014-02-03T21:30:02Z">
        </test-method>
        <test-method status="PASS" signature="closeBrowser()" name="closeBrowser" is-config="true" duration-ms="1" started-at="2014-02-03T21:30:02Z" finished-at="2014-02-03T21:30:02Z">
        </test-method>
        <test-method status="PASS" signature="testRegister()" name="testRegister" duration-ms="0" started-at="2014-02-03T21:30:02Z" finished-at="2014-02-03T21:30:02Z">
        </test-method>
        <test-method status="PASS" signature="closeConnection()" name="closeConnection" is-config="true" duration-ms="0" started-at="2014-02-03T21:30:02Z" finished-at="2014-02-03T21:30:02Z">
        </test-method>
      </class>
    </test>
    <test name="Selling Books" duration-ms="2" started-at="2014-02-03T21:30:02Z" finished-at="2014-02-03T21:30:02Z">
      <class name="tests.SellItemsTest">
        <test-method status="SKIP" signature="shouldWeSkip()" name="shouldWeSkip" is-config="true" duration-ms="0" started-at="2014-02-03T21:30:02Z" finished-at="2014-02-03T21:30:02Z">
          <exception class="org.testng.SkipException">
            <message>
              <![CDATA[skipping because user not logged in]]>
            </message>
            <full-stacktrace>
              <![CDATA[org.testng.SkipException: skipping because user not logged in
	at tests.SellItemsTest.shouldWeSkip(SellItemsTest.java:13)
	at sun.reflect.NativeMethodAccessorImpl.invoke0(Native Method)
	at sun.reflect.NativeMethodAccessorImpl.invoke(NativeMethodAccessorImpl.java:57)
	at sun.reflect.DelegatingMethodAccessorImpl.invoke(DelegatingMethodAccessorImpl.java:43)
	at java.lang.reflect.Method.invoke(Method.java:601)
	at org.testng.internal.MethodInvocationHelper.invokeMethod(MethodInvocationHelper.java:74)
	at org.testng.internal.Invoker.invokeConfigurationMethod(Invoker.java:525)
	at org.testng.internal.Invoker.invokeConfigurations(Invoker.java:202)
	at org.testng.internal.Invoker.invokeConfigurations(Invoker.java:130)
	at org.testng.TestRunner.beforeRun(TestRunner.java:624)
	at org.testng.TestRunner.run(TestRunner.java:592)
	at org.testng.SuiteRunner.runTest(SuiteRunner.java:317)
	at org.testng.SuiteRunner.runSequentially(SuiteRunner.java:312)
	at org.testng.SuiteRunner.privateRun(SuiteRunner.java:274)
	at org.testng.SuiteRunner.run(SuiteRunner.java:223)
	at org.testng.SuiteRunnerWorker.runSuite(SuiteRunnerWorker.java:52)
	at org.testng.SuiteRunnerWorker.run(SuiteRunnerWorker.java:86)
	at org.testng.TestNG.runSuitesSequentially(TestNG.java:1031)
	at org.testng.TestNG.runSuitesLocally(TestNG.java:956)
	at org.testng.TestNG.run(TestNG.java:892)
	at org.testng.TestNG.privateMain(TestNG.java:1174)
	at org.testng.TestNG.main(TestNG.java:1138)
]]>
            </full-stacktrace>
          </exception>
        </test-method>
        <test-method status="SKIP" signature="testSellingBooks()" name="testSellingBooks" duration-ms="0" started-at="2014-02-03T21:30:02Z" finished-at="2014-02-03T21:30:02Z">
        </test-method>
      </class>
    </test>
  </suite>
</testng-results>
